

Microchip Technology PIC PRO Macro Assembler V1.37 build -260352376 
                                                                                               Sun Jun 19 15:53:10 2016

Microchip Technology Omniscient Code Generator v1.37 (PRO mode) build 201603110536
     1                           	processor	12F683
     2                           	opt	pw 120
     3                           	opt	pm
     4                           	psect	idataCOMMON,global,class=CODE,delta=2
     5                           	psect	cinit,global,class=CODE,merge=1,delta=2
     6                           	psect	bssCOMMON,global,class=COMMON,space=1,delta=1
     7                           	psect	dataCOMMON,global,class=COMMON,space=1,delta=1
     8                           	psect	cstackCOMMON,global,class=COMMON,space=1,delta=1
     9                           	psect	maintext,global,class=CODE,split=1,delta=2
    10                           	psect	text1,local,class=CODE,merge=1,delta=2
    11                           	psect	text2,local,class=CODE,merge=1,delta=2
    12                           	psect	text3,local,class=CODE,merge=1,delta=2
    13                           	psect	text4,local,class=CODE,merge=1,delta=2
    14                           	psect	text5,local,class=CODE,merge=1,delta=2
    15                           	psect	text6,local,class=CODE,merge=1,delta=2
    16                           	psect	text7,local,class=CODE,merge=1,delta=2
    17                           	psect	text8,local,class=CODE,merge=1,delta=2
    18                           	psect	text9,local,class=CODE,merge=1,delta=2
    19                           	psect	text10,local,class=CODE,merge=1,delta=2
    20                           	psect	text11,local,class=CODE,merge=1,delta=2
    21                           	psect	intentry,global,class=CODE,delta=2
    22                           	psect	functab,global,reloc=256,class=CODE,delta=2
    23                           	psect	pa_nodes,global,class=CODE,delta=2
    24                           	dabs	1,0x7E,2
    25  0000                     	;# 
    26  0001                     	;# 
    27  0002                     	;# 
    28  0003                     	;# 
    29  0004                     	;# 
    30  0005                     	;# 
    31  000A                     	;# 
    32  000B                     	;# 
    33  000C                     	;# 
    34  000E                     	;# 
    35  000E                     	;# 
    36  000F                     	;# 
    37  0010                     	;# 
    38  0011                     	;# 
    39  0012                     	;# 
    40  0013                     	;# 
    41  0013                     	;# 
    42  0014                     	;# 
    43  0015                     	;# 
    44  0018                     	;# 
    45  0019                     	;# 
    46  001A                     	;# 
    47  001E                     	;# 
    48  001F                     	;# 
    49  0081                     	;# 
    50  0085                     	;# 
    51  008C                     	;# 
    52  008E                     	;# 
    53  008F                     	;# 
    54  0090                     	;# 
    55  0092                     	;# 
    56  0095                     	;# 
    57  0095                     	;# 
    58  0096                     	;# 
    59  0096                     	;# 
    60  0099                     	;# 
    61  009A                     	;# 
    62  009A                     	;# 
    63  009B                     	;# 
    64  009C                     	;# 
    65  009D                     	;# 
    66  009E                     	;# 
    67  009F                     	;# 
    68                           
    69                           	psect	idataCOMMON
    70  0000                     __pidataCOMMON:	
    71  001F                     _ADCON0bits	set	31
    72  0019                     _CMCON0	set	25
    73  0005                     _GPIO	set	5
    74  000B                     _INTCONbits	set	11
    75  000C                     _PIR1bits	set	12
    76  0010                     _T1CONbits	set	16
    77  000F                     _TMR1H	set	15
    78  000E                     _TMR1L	set	14
    79  002A                     _GP2	set	42
    80  002B                     _GP3	set	43
    81  002C                     _GP4	set	44
    82  002D                     _GP5	set	45
    83  009F                     _ANSELbits	set	159
    84  0081                     _OPTION_REGbits	set	129
    85  008F                     _OSCCONbits	set	143
    86  008C                     _PIE1bits	set	140
    87  0085                     _TRISIO	set	133
    88                           
    89                           ; #config settings
    90  0000                     
    91                           	psect	cinit
    92  000B                     start_initialization:	
    93  000B                     __initialization:	
    94  000B  3001               	movlw	low (fp__waitForLight-fpbase)
    95                           
    96                           ; Clear objects allocated to COMMON
    97  000C  01F6               	clrf	__pbssCOMMON& (0+127)
    98  000D  01F7               	clrf	(__pbssCOMMON+1)& (0+127)
    99  000E  01F8               	clrf	(__pbssCOMMON+2)& (0+127)
   100                           
   101                           ;initializer for _handler
   102  000F  00F9               	movwf	__pdataCOMMON& (0+127)
   103  0010                     end_of_initialization:	
   104                           ;End of C runtime variable initialization code
   105                           
   106  0010                     __end_of__initialization:	
   107  0010  0183               	clrf	3
   108  0011  2908               	ljmp	_main	;jump to C main() function
   109                           
   110                           	psect	bssCOMMON
   111  0076                     __pbssCOMMON:	
   112  0076                     _bp:	
   113  0076                     	ds	1
   114  0077                     _lightBuf:	
   115  0077                     	ds	1
   116  0078                     _sec_count:	
   117  0078                     	ds	1
   118                           
   119                           	psect	dataCOMMON
   120  0079                     __pdataCOMMON:	
   121  0079                     _handler:	
   122  0079                     	ds	1
   123                           
   124                           	psect	cstackCOMMON
   125  0070                     __pcstackCOMMON:	
   126  0070                     ?_waitForLight:	
   127  0070                     ?_Timer1_on:	
   128                           ; 1 bytes @ 0x0
   129                           
   130  0070                     ?_Timer1_off:	
   131                           ; 1 bytes @ 0x0
   132                           
   133  0070                     ?_blink:	
   134                           ; 1 bytes @ 0x0
   135                           
   136  0070                     ?_pSSSt:	
   137                           ; 1 bytes @ 0x0
   138                           
   139  0070                     ?_timerOff:	
   140                           ; 1 bytes @ 0x0
   141                           
   142  0070                     ?_waitForKeyRelease:	
   143                           ; 1 bytes @ 0x0
   144                           
   145  0070                     ?_keyPressed:	
   146                           ; 1 bytes @ 0x0
   147                           
   148  0070                     ?_mainTimer:	
   149                           ; 1 bytes @ 0x0
   150                           
   151  0070                     ?_lightOn:	
   152                           ; 1 bytes @ 0x0
   153                           
   154  0070                     ?_tc_int:	
   155                           ; 1 bytes @ 0x0
   156                           
   157  0070                     ??_tc_int:	
   158                           ; 1 bytes @ 0x0
   159                           
   160  0070                     ?_main:	
   161                           ; 1 bytes @ 0x0
   162                           
   163                           
   164                           ; 1 bytes @ 0x0
   165  0070                     	ds	2
   166  0072                     ??_waitForLight:	
   167  0072                     ??_Timer1_on:	
   168                           ; 1 bytes @ 0x2
   169                           
   170  0072                     ??_Timer1_off:	
   171                           ; 1 bytes @ 0x2
   172                           
   173  0072                     ??_blink:	
   174                           ; 1 bytes @ 0x2
   175                           
   176  0072                     ??_waitForKeyRelease:	
   177                           ; 1 bytes @ 0x2
   178                           
   179  0072                     ??_lightOn:	
   180                           ; 1 bytes @ 0x2
   181                           
   182  0072                     waitForKeyRelease@keyBuf:	
   183                           ; 1 bytes @ 0x2
   184                           
   185                           
   186                           ; 1 bytes @ 0x2
   187  0072                     	ds	1
   188  0073                     ??_pSSSt:	
   189                           
   190                           ; 1 bytes @ 0x3
   191  0073                     	ds	2
   192  0075                     pSSSt@i:	
   193                           
   194                           ; 1 bytes @ 0x5
   195  0075                     	ds	1
   196  0076                     ??_timerOff:	
   197  0076                     ??_keyPressed:	
   198                           ; 1 bytes @ 0x6
   199                           
   200  0076                     ??_mainTimer:	
   201                           ; 1 bytes @ 0x6
   202                           
   203  0076                     ??_main:	
   204                           ; 1 bytes @ 0x6
   205                           
   206                           
   207                           	psect	maintext
   208  0108                     __pmaintext:	
   209                           ; 1 bytes @ 0x6
   210 ;;
   211 ;;Main: autosize = 0, tempsize = 0, incstack = 0, save=0
   212 ;;
   213 ;; *************** function _main *****************
   214 ;; Defined at:
   215 ;;		line 158 in file "main.c"
   216 ;; Parameters:    Size  Location     Type
   217 ;;		None
   218 ;; Auto vars:     Size  Location     Type
   219 ;;		None
   220 ;; Return value:  Size  Location     Type
   221 ;;                  1    wreg      void 
   222 ;; Registers used:
   223 ;;		wreg, status,2, status,0, pclath, cstack
   224 ;; Tracked objects:
   225 ;;		On entry : B00/0
   226 ;;		On exit  : 0/0
   227 ;;		Unchanged: 0/0
   228 ;; Data sizes:     COMMON   BANK0   BANK1
   229 ;;      Params:         0       0       0
   230 ;;      Locals:         0       0       0
   231 ;;      Temps:          0       0       0
   232 ;;      Totals:         0       0       0
   233 ;;Total ram usage:        0 bytes
   234 ;; Hardware stack levels required when called:    5
   235 ;; This function calls:
   236 ;;		_lightOn
   237 ;;		_mainTimer
   238 ;;		_waitForLight
   239 ;; This function is called by:
   240 ;;		Startup code after reset
   241 ;; This function uses a non-reentrant model
   242 ;;
   243                           
   244                           
   245                           ;psect for function _main
   246  0108                     _main:	
   247                           
   248                           ;main.c: 159: CMCON0 = 7;
   249                           
   250                           ;incstack = 0
   251                           ; Regs used in _main: [wreg+status,2+status,0+pclath+cstack]
   252  0108  3007               	movlw	7
   253  0109  0099               	movwf	25	;volatile
   254                           
   255                           ;main.c: 160: ANSELbits.ANS = 0;
   256  010A  30F0               	movlw	-16
   257  010B  1683               	bsf	3,5	;RP0=1, select bank1
   258  010C  059F               	andwf	31,f	;volatile
   259                           
   260                           ;main.c: 161: ADCON0bits.ADON = 0;
   261  010D  1283               	bcf	3,5	;RP0=0, select bank0
   262  010E  101F               	bcf	31,0	;volatile
   263                           
   264                           ;main.c: 163: OSCCONbits.IRCF0 = 0;
   265  010F  1683               	bsf	3,5	;RP0=1, select bank1
   266  0110  120F               	bcf	15,4	;volatile
   267                           
   268                           ;main.c: 164: OSCCONbits.IRCF1 = 0;
   269  0111  128F               	bcf	15,5	;volatile
   270                           
   271                           ;main.c: 165: OSCCONbits.IRCF2 = 0;
   272  0112  130F               	bcf	15,6	;volatile
   273                           
   274                           ;main.c: 167: GPIO = 0x10;
   275  0113  3010               	movlw	16
   276  0114  1283               	bcf	3,5	;RP0=0, select bank0
   277  0115  0085               	movwf	5	;volatile
   278                           
   279                           ;main.c: 168: TRISIO = 0x0C;
   280  0116  300C               	movlw	12
   281  0117  1683               	bsf	3,5	;RP0=1, select bank1
   282  0118  0085               	movwf	5	;volatile
   283                           
   284                           ;main.c: 170: OPTION_REGbits.INTEDG = 1;
   285  0119  1701               	bsf	1,6	;volatile
   286                           
   287                           ;main.c: 172: INTCONbits.INTF = 0;
   288  011A  108B               	bcf	11,1	;volatile
   289                           
   290                           ;main.c: 173: INTCONbits.INTE = 1;
   291  011B  160B               	bsf	11,4	;volatile
   292                           
   293                           ;main.c: 174: INTCONbits.GIE = 1;
   294  011C  178B               	bsf	11,7	;volatile
   295                           
   296                           ;main.c: 176: if (GP2 == 1) lightOn();
   297  011D  1283               	bcf	3,5	;RP0=0, select bank0
   298  011E  1D05               	btfss	5,2	;volatile
   299  011F  2921               	goto	l98
   300  0120  2198               	fcall	_lightOn
   301  0121                     l98:	
   302                           ;main.c: 178: while (1) {
   303                           
   304                           
   305                           ;main.c: 179: handler();
   306  0121  0879               	movf	_handler,w
   307  0122  2100               	fcall	fptable
   308  0123  2921               	goto	l98
   309  0124                     __end_of_main:	
   310                           
   311                           	psect	text1
   312  0156                     __ptext1:	
   313 ;; *************** function _mainTimer *****************
   314 ;; Defined at:
   315 ;;		line 111 in file "main.c"
   316 ;; Parameters:    Size  Location     Type
   317 ;;		None
   318 ;; Auto vars:     Size  Location     Type
   319 ;;		None
   320 ;; Return value:  Size  Location     Type
   321 ;;                  1    wreg      void 
   322 ;; Registers used:
   323 ;;		wreg, status,2, status,0, pclath, cstack
   324 ;; Tracked objects:
   325 ;;		On entry : 0/0
   326 ;;		On exit  : 0/0
   327 ;;		Unchanged: 0/0
   328 ;; Data sizes:     COMMON   BANK0   BANK1
   329 ;;      Params:         0       0       0
   330 ;;      Locals:         0       0       0
   331 ;;      Temps:          0       0       0
   332 ;;      Totals:         0       0       0
   333 ;;Total ram usage:        0 bytes
   334 ;; Hardware stack levels used:    1
   335 ;; Hardware stack levels required when called:    4
   336 ;; This function calls:
   337 ;;		_blink
   338 ;;		_keyPressed
   339 ;;		_timerOff
   340 ;; This function is called by:
   341 ;;		_lightOn
   342 ;;		_main
   343 ;; This function uses a non-reentrant model
   344 ;;
   345                           
   346                           
   347                           ;psect for function _mainTimer
   348  0156                     _mainTimer:	
   349                           
   350                           ;main.c: 113: if (bp == 1) {
   351                           
   352                           ;incstack = 0
   353                           ; Regs used in _mainTimer: [wreg+status,2+status,0+pclath+cstack]
   354  0156  0B76               	decfsz	_bp,w
   355  0157  2968               	goto	l650
   356  0158  3004               	movlw	4
   357                           
   358                           ;main.c: 114: bp = 0;
   359  0159  01F6               	clrf	_bp
   360                           
   361                           ;main.c: 115: if (sec_count < 4) blink();
   362  015A  0278               	subwf	_sec_count,w
   363  015B  1803               	skipnc
   364  015C  295E               	goto	l640
   365  015D  2187               	fcall	_blink
   366  015E                     l640:	
   367                           
   368                           ;main.c: 117: lightBuf <<= 1;
   369  015E  1003               	clrc
   370  015F  0DF7               	rlf	_lightBuf,f
   371                           
   372                           ;main.c: 118: if (GP2 == 1) lightBuf++;
   373  0160  1283               	bcf	3,5	;RP0=0, select bank0
   374  0161  1905               	btfsc	5,2	;volatile
   375  0162  0AF7               	incf	_lightBuf,f
   376                           
   377                           ;main.c: 119: if ((lightBuf & 0x07) == 0) {
   378  0163  0877               	movf	_lightBuf,w
   379  0164  3907               	andlw	7
   380  0165  1D03               	btfss	3,2
   381  0166  2968               	goto	l650
   382                           
   383                           ;main.c: 120: timerOff();
   384  0167  2190               	fcall	_timerOff
   385  0168                     l650:	
   386                           
   387                           ;main.c: 121: }
   388                           ;main.c: 122: }
   389                           ;main.c: 124: if (GP3 == 1) {
   390  0168  1283               	bcf	3,5	;RP0=0, select bank0
   391  0169  1D85               	btfss	5,3	;volatile
   392  016A  0008               	return
   393                           
   394                           ;main.c: 125: keyPressed();
   395  016B  29A6               	ljmp	l618
   396  016C                     __end_of_mainTimer:	
   397                           
   398                           	psect	text2
   399  01AA                     __ptext2:	
   400 ;; *************** function _waitForLight *****************
   401 ;; Defined at:
   402 ;;		line 139 in file "main.c"
   403 ;; Parameters:    Size  Location     Type
   404 ;;		None
   405 ;; Auto vars:     Size  Location     Type
   406 ;;		None
   407 ;; Return value:  Size  Location     Type
   408 ;;                  1    wreg      void 
   409 ;; Registers used:
   410 ;;		wreg, status,2, status,0, pclath, cstack
   411 ;; Tracked objects:
   412 ;;		On entry : 0/0
   413 ;;		On exit  : 100/0
   414 ;;		Unchanged: 0/0
   415 ;; Data sizes:     COMMON   BANK0   BANK1
   416 ;;      Params:         0       0       0
   417 ;;      Locals:         0       0       0
   418 ;;      Temps:          0       0       0
   419 ;;      Totals:         0       0       0
   420 ;;Total ram usage:        0 bytes
   421 ;; Hardware stack levels used:    1
   422 ;; Hardware stack levels required when called:    3
   423 ;; This function calls:
   424 ;;		_lightOn
   425 ;; This function is called by:
   426 ;;		_timerOff
   427 ;;		_main
   428 ;; This function uses a non-reentrant model
   429 ;;
   430                           
   431                           
   432                           ;psect for function _waitForLight
   433  01AA                     _waitForLight:	
   434                           
   435                           ;incstack = 0
   436                           ; Regs used in _waitForLight: [wreg+status,2+status,0+pclath+cstack]
   437  01AA  0063               	sleep	;# 
   438                           
   439                           ;main.c: 141: lightOn();
   440  01AB  2998               	ljmp	l622
   441  01AC                     __end_of_waitForLight:	
   442                           
   443                           	psect	text3
   444  0198                     __ptext3:	
   445 ;; *************** function _lightOn *****************
   446 ;; Defined at:
   447 ;;		line 129 in file "main.c"
   448 ;; Parameters:    Size  Location     Type
   449 ;;		None
   450 ;; Auto vars:     Size  Location     Type
   451 ;;		None
   452 ;; Return value:  Size  Location     Type
   453 ;;                  1    wreg      void 
   454 ;; Registers used:
   455 ;;		wreg, status,2, status,0, pclath, cstack
   456 ;; Tracked objects:
   457 ;;		On entry : 0/0
   458 ;;		On exit  : 100/0
   459 ;;		Unchanged: 0/0
   460 ;; Data sizes:     COMMON   BANK0   BANK1
   461 ;;      Params:         0       0       0
   462 ;;      Locals:         0       0       0
   463 ;;      Temps:          0       0       0
   464 ;;      Totals:         0       0       0
   465 ;;Total ram usage:        0 bytes
   466 ;; Hardware stack levels used:    1
   467 ;; Hardware stack levels required when called:    2
   468 ;; This function calls:
   469 ;;		_Timer1_on
   470 ;; This function is called by:
   471 ;;		_waitForLight
   472 ;;		_main
   473 ;; This function uses a non-reentrant model
   474 ;;
   475                           
   476                           
   477                           ;psect for function _lightOn
   478  0198                     _lightOn:	
   479  0198                     l622:	
   480                           ;incstack = 0
   481                           ; Regs used in _lightOn: [wreg+status,2+status,0+pclath+cstack]
   482                           
   483                           
   484                           ;main.c: 130: handler = mainTimer;
   485  0198  3002               	movlw	(low (fp__mainTimer-fpbase))& (0+255)
   486  0199  00F9               	movwf	_handler
   487                           
   488                           ;main.c: 132: sec_count = 0;
   489  019A  01F8               	clrf	_sec_count
   490                           
   491                           ;main.c: 133: bp = 0;
   492  019B  01F6               	clrf	_bp
   493                           
   494                           ;main.c: 134: lightBuf = 0x01;
   495  019C  01F7               	clrf	_lightBuf
   496  019D  0AF7               	incf	_lightBuf,f
   497                           
   498                           ;main.c: 136: Timer1_on();
   499  019E  296C               	ljmp	l572
   500  019F                     __end_of_lightOn:	
   501                           
   502                           	psect	text4
   503  016C                     __ptext4:	
   504 ;; *************** function _Timer1_on *****************
   505 ;; Defined at:
   506 ;;		line 34 in file "main.c"
   507 ;; Parameters:    Size  Location     Type
   508 ;;		None
   509 ;; Auto vars:     Size  Location     Type
   510 ;;		None
   511 ;; Return value:  Size  Location     Type
   512 ;;                  1    wreg      void 
   513 ;; Registers used:
   514 ;;		wreg
   515 ;; Tracked objects:
   516 ;;		On entry : 0/0
   517 ;;		On exit  : 100/0
   518 ;;		Unchanged: 0/0
   519 ;; Data sizes:     COMMON   BANK0   BANK1
   520 ;;      Params:         0       0       0
   521 ;;      Locals:         0       0       0
   522 ;;      Temps:          0       0       0
   523 ;;      Totals:         0       0       0
   524 ;;Total ram usage:        0 bytes
   525 ;; Hardware stack levels used:    1
   526 ;; Hardware stack levels required when called:    1
   527 ;; This function calls:
   528 ;;		Nothing
   529 ;; This function is called by:
   530 ;;		_lightOn
   531 ;; This function uses a non-reentrant model
   532 ;;
   533                           
   534                           
   535                           ;psect for function _Timer1_on
   536  016C                     _Timer1_on:	
   537  016C                     l572:	
   538                           ;incstack = 0
   539                           ; Regs used in _Timer1_on: [wreg]
   540                           
   541                           
   542                           ;main.c: 36: T1CONbits.T1CKPS1 = 0;
   543  016C  1283               	bcf	3,5	;RP0=0, select bank0
   544  016D  1290               	bcf	16,5	;volatile
   545                           
   546                           ;main.c: 37: T1CONbits.T1CKPS0 = 0;
   547  016E  1210               	bcf	16,4	;volatile
   548                           
   549                           ;main.c: 38: T1CONbits.TMR1CS = 0;
   550  016F  1090               	bcf	16,1	;volatile
   551                           
   552                           ;main.c: 40: TMR1H = 229;
   553  0170  30E5               	movlw	229
   554  0171  008F               	movwf	15	;volatile
   555                           
   556                           ;main.c: 41: TMR1L = 046;
   557  0172  3026               	movlw	38
   558  0173  008E               	movwf	14	;volatile
   559                           
   560                           ;main.c: 44: PIR1bits.TMR1IF = 0;
   561  0174  100C               	bcf	12,0	;volatile
   562                           
   563                           ;main.c: 45: PIE1bits.TMR1IE = 1;
   564  0175  1683               	bsf	3,5	;RP0=1, select bank1
   565  0176  140C               	bsf	12,0	;volatile
   566                           
   567                           ;main.c: 46: INTCONbits.PEIE = 1;
   568  0177  170B               	bsf	11,6	;volatile
   569                           
   570                           ;main.c: 48: T1CONbits.TMR1ON = 1;
   571  0178  1283               	bcf	3,5	;RP0=0, select bank0
   572  0179  1410               	bsf	16,0	;volatile
   573  017A  0008               	return
   574  017B                     __end_of_Timer1_on:	
   575                           
   576                           	psect	text5
   577  0190                     __ptext5:	
   578 ;; *************** function _timerOff *****************
   579 ;; Defined at:
   580 ;;		line 82 in file "main.c"
   581 ;; Parameters:    Size  Location     Type
   582 ;;		None
   583 ;; Auto vars:     Size  Location     Type
   584 ;;		None
   585 ;; Return value:  Size  Location     Type
   586 ;;                  1    wreg      void 
   587 ;; Registers used:
   588 ;;		wreg, status,2, status,0, pclath, cstack
   589 ;; Tracked objects:
   590 ;;		On entry : 100/0
   591 ;;		On exit  : 100/0
   592 ;;		Unchanged: 0/0
   593 ;; Data sizes:     COMMON   BANK0   BANK1
   594 ;;      Params:         0       0       0
   595 ;;      Locals:         0       0       0
   596 ;;      Temps:          0       0       0
   597 ;;      Totals:         0       0       0
   598 ;;Total ram usage:        0 bytes
   599 ;; Hardware stack levels used:    1
   600 ;; Hardware stack levels required when called:    3
   601 ;; This function calls:
   602 ;;		_Timer1_off
   603 ;;		_pSSSt
   604 ;; This function is called by:
   605 ;;		_mainTimer
   606 ;; This function uses a non-reentrant model
   607 ;;
   608                           
   609                           
   610                           ;psect for function _timerOff
   611  0190                     _timerOff:	
   612                           
   613                           ;main.c: 84: if (sec_count >= 240) pSSSt();
   614                           
   615                           ;incstack = 0
   616                           ; Regs used in _timerOff: [wreg+status,2+status,0+pclath+cstack]
   617  0190  30F0               	movlw	240
   618  0191  0278               	subwf	_sec_count,w
   619  0192  1C03               	skipc
   620  0193  2995               	goto	l616
   621  0194  2124               	fcall	_pSSSt
   622  0195                     l616:	
   623                           
   624                           ;main.c: 86: handler = waitForLight;
   625  0195  3001               	movlw	(low (fp__waitForLight-fpbase))& (0+255)
   626  0196  00F9               	movwf	_handler
   627                           
   628                           ;main.c: 87: Timer1_off();
   629  0197  299F               	ljmp	l584
   630  0198                     __end_of_timerOff:	
   631                           
   632                           	psect	text6
   633  019F                     __ptext6:	
   634 ;; *************** function _Timer1_off *****************
   635 ;; Defined at:
   636 ;;		line 51 in file "main.c"
   637 ;; Parameters:    Size  Location     Type
   638 ;;		None
   639 ;; Auto vars:     Size  Location     Type
   640 ;;		None
   641 ;; Return value:  Size  Location     Type
   642 ;;                  1    wreg      void 
   643 ;; Registers used:
   644 ;;		None
   645 ;; Tracked objects:
   646 ;;		On entry : 100/0
   647 ;;		On exit  : 100/0
   648 ;;		Unchanged: 0/0
   649 ;; Data sizes:     COMMON   BANK0   BANK1
   650 ;;      Params:         0       0       0
   651 ;;      Locals:         0       0       0
   652 ;;      Temps:          0       0       0
   653 ;;      Totals:         0       0       0
   654 ;;Total ram usage:        0 bytes
   655 ;; Hardware stack levels used:    1
   656 ;; Hardware stack levels required when called:    1
   657 ;; This function calls:
   658 ;;		Nothing
   659 ;; This function is called by:
   660 ;;		_timerOff
   661 ;; This function uses a non-reentrant model
   662 ;;
   663                           
   664                           
   665                           ;psect for function _Timer1_off
   666  019F                     _Timer1_off:	
   667  019F                     l584:	
   668                           ;incstack = 0
   669                           ; Regs used in _Timer1_off: []
   670                           
   671                           
   672                           ;main.c: 53: PIR1bits.TMR1IF = 0;
   673  019F  100C               	bcf	12,0	;volatile
   674                           
   675                           ;main.c: 54: PIE1bits.TMR1IE = 0;
   676  01A0  1683               	bsf	3,5	;RP0=1, select bank1
   677  01A1  100C               	bcf	12,0	;volatile
   678                           
   679                           ;main.c: 55: INTCONbits.PEIE = 0;
   680  01A2  130B               	bcf	11,6	;volatile
   681                           
   682                           ;main.c: 57: T1CONbits.TMR1ON = 0;
   683  01A3  1283               	bcf	3,5	;RP0=0, select bank0
   684  01A4  1010               	bcf	16,0	;volatile
   685  01A5  0008               	return
   686  01A6                     __end_of_Timer1_off:	
   687                           
   688                           	psect	text7
   689  01A6                     __ptext7:	
   690 ;; *************** function _keyPressed *****************
   691 ;; Defined at:
   692 ;;		line 103 in file "main.c"
   693 ;; Parameters:    Size  Location     Type
   694 ;;		None
   695 ;; Auto vars:     Size  Location     Type
   696 ;;		None
   697 ;; Return value:  Size  Location     Type
   698 ;;                  1    wreg      void 
   699 ;; Registers used:
   700 ;;		wreg, status,2, status,0, pclath, cstack
   701 ;; Tracked objects:
   702 ;;		On entry : 100/0
   703 ;;		On exit  : 0/0
   704 ;;		Unchanged: 0/0
   705 ;; Data sizes:     COMMON   BANK0   BANK1
   706 ;;      Params:         0       0       0
   707 ;;      Locals:         0       0       0
   708 ;;      Temps:          0       0       0
   709 ;;      Totals:         0       0       0
   710 ;;Total ram usage:        0 bytes
   711 ;; Hardware stack levels used:    1
   712 ;; Hardware stack levels required when called:    3
   713 ;; This function calls:
   714 ;;		_pSSSt
   715 ;;		_waitForKeyRelease
   716 ;; This function is called by:
   717 ;;		_mainTimer
   718 ;; This function uses a non-reentrant model
   719 ;;
   720                           
   721                           
   722                           ;psect for function _keyPressed
   723  01A6                     _keyPressed:	
   724  01A6                     l618:	
   725                           ;incstack = 0
   726                           ; Regs used in _keyPressed: [wreg+status,2+status,0+pclath+cstack]
   727                           
   728                           
   729                           ;main.c: 104: pSSSt();
   730  01A6  2124               	fcall	_pSSSt
   731                           
   732                           ;main.c: 105: waitForKeyRelease();
   733  01A7  217B               	fcall	_waitForKeyRelease
   734                           
   735                           ;main.c: 106: sec_count = 0;
   736  01A8  01F8               	clrf	_sec_count
   737  01A9  0008               	return
   738  01AA                     __end_of_keyPressed:	
   739                           
   740                           	psect	text8
   741  017B                     __ptext8:	
   742 ;; *************** function _waitForKeyRelease *****************
   743 ;; Defined at:
   744 ;;		line 90 in file "main.c"
   745 ;; Parameters:    Size  Location     Type
   746 ;;		None
   747 ;; Auto vars:     Size  Location     Type
   748 ;;  keyBuf          1    2[COMMON] unsigned char 
   749 ;; Return value:  Size  Location     Type
   750 ;;                  1    wreg      void 
   751 ;; Registers used:
   752 ;;		wreg, status,2, status,0
   753 ;; Tracked objects:
   754 ;;		On entry : 100/0
   755 ;;		On exit  : 0/0
   756 ;;		Unchanged: 0/0
   757 ;; Data sizes:     COMMON   BANK0   BANK1
   758 ;;      Params:         0       0       0
   759 ;;      Locals:         1       0       0
   760 ;;      Temps:          0       0       0
   761 ;;      Totals:         1       0       0
   762 ;;Total ram usage:        1 bytes
   763 ;; Hardware stack levels used:    1
   764 ;; Hardware stack levels required when called:    1
   765 ;; This function calls:
   766 ;;		Nothing
   767 ;; This function is called by:
   768 ;;		_keyPressed
   769 ;; This function uses a non-reentrant model
   770 ;;
   771                           
   772                           
   773                           ;psect for function _waitForKeyRelease
   774  017B                     _waitForKeyRelease:	
   775                           
   776                           ;main.c: 91: unsigned char keyBuf;
   777                           ;main.c: 93: keyBuf = 0xff;
   778                           
   779                           ;incstack = 0
   780                           ; Regs used in _waitForKeyRelease: [wreg+status,2+status,0]
   781  017B  30FF               	movlw	255
   782  017C  00F2               	movwf	waitForKeyRelease@keyBuf
   783  017D                     l610:	
   784                           ;main.c: 98: _delay((unsigned long)((10)*(31000/4000000.0)));
   785                           
   786                           ;main.c: 95: while (keyBuf) {
   787                           
   788  017D  0872               	movf	waitForKeyRelease@keyBuf,w
   789  017E  1903               	btfsc	3,2
   790  017F  0008               	return
   791                           
   792                           ;main.c: 96: keyBuf <<= 1;
   793  0180  1003               	clrc
   794  0181  0DF2               	rlf	waitForKeyRelease@keyBuf,f
   795                           
   796                           ;main.c: 97: if (GP3 == 1) keyBuf++;
   797  0182  1283               	bcf	3,5	;RP0=0, select bank0
   798  0183  1D85               	btfss	5,3	;volatile
   799  0184  297D               	goto	l610
   800  0185  0AF2               	incf	waitForKeyRelease@keyBuf,f
   801  0186  297D               	goto	l610
   802  0187                     __end_of_waitForKeyRelease:	
   803                           
   804                           	psect	text9
   805  0124                     __ptext9:	
   806 ;; *************** function _pSSSt *****************
   807 ;; Defined at:
   808 ;;		line 67 in file "main.c"
   809 ;; Parameters:    Size  Location     Type
   810 ;;		None
   811 ;; Auto vars:     Size  Location     Type
   812 ;;  i               1    5[COMMON] unsigned char 
   813 ;; Return value:  Size  Location     Type
   814 ;;                  1    wreg      void 
   815 ;; Registers used:
   816 ;;		wreg, status,2, status,0, pclath, cstack
   817 ;; Tracked objects:
   818 ;;		On entry : 100/0
   819 ;;		On exit  : 100/0
   820 ;;		Unchanged: 0/0
   821 ;; Data sizes:     COMMON   BANK0   BANK1
   822 ;;      Params:         0       0       0
   823 ;;      Locals:         1       0       0
   824 ;;      Temps:          2       0       0
   825 ;;      Totals:         3       0       0
   826 ;;Total ram usage:        3 bytes
   827 ;; Hardware stack levels used:    1
   828 ;; Hardware stack levels required when called:    2
   829 ;; This function calls:
   830 ;;		_blink
   831 ;; This function is called by:
   832 ;;		_timerOff
   833 ;;		_keyPressed
   834 ;; This function uses a non-reentrant model
   835 ;;
   836                           
   837                           
   838                           ;psect for function _pSSSt
   839  0124                     _pSSSt:	
   840                           
   841                           ;main.c: 68: unsigned char i;
   842                           ;main.c: 71: for (i = 0; i < 3; i++) {
   843                           
   844                           ;incstack = 0
   845                           ; Regs used in _pSSSt: [wreg+status,2+status,0+pclath+cstack]
   846  0124  01F5               	clrf	pSSSt@i
   847  0125                     l592:	
   848                           
   849                           ;main.c: 72: blink();
   850  0125  2187               	fcall	_blink
   851                           
   852                           ;main.c: 73: _delay((unsigned long)((200)*(31000/4000.0)));
   853  0126  30DD               	movlw	221
   854  0127  00F3               	movwf	??_pSSSt
   855  0128                     u147:	
   856  0128  2929               	nop2
   857  0129  292A               	nop2
   858  012A  0BF3               	decfsz	??_pSSSt,f
   859  012B  2928               	goto	u147
   860  012C  292D               	nop2	;nop
   861  012D  3003               	movlw	3
   862  012E  0AF5               	incf	pSSSt@i,f
   863  012F  0275               	subwf	pSSSt@i,w
   864  0130  1C03               	skipc
   865  0131  2925               	goto	l592
   866                           
   867                           ;main.c: 74: }
   868                           ;main.c: 76: GP5 = 1;
   869  0132  1283               	bcf	3,5	;RP0=0, select bank0
   870  0133  1685               	bsf	5,5	;volatile
   871                           
   872                           ;main.c: 77: _delay((unsigned long)((700)*(31000/4000.0)));
   873  0134  3008               	movlw	8
   874  0135  00F4               	movwf	??_pSSSt+1
   875  0136  300A               	movlw	10
   876  0137  00F3               	movwf	??_pSSSt
   877  0138                     u157:	
   878  0138  0BF3               	decfsz	??_pSSSt,f
   879  0139  2938               	goto	u157
   880  013A  0BF4               	decfsz	??_pSSSt+1,f
   881  013B  2938               	goto	u157
   882                           
   883                           ;main.c: 78: GP5 = 0;
   884  013C  1283               	bcf	3,5	;RP0=0, select bank0
   885  013D  1285               	bcf	5,5	;volatile
   886  013E  0008               	return
   887  013F                     __end_of_pSSSt:	
   888                           
   889                           	psect	text10
   890  0187                     __ptext10:	
   891 ;; *************** function _blink *****************
   892 ;; Defined at:
   893 ;;		line 61 in file "main.c"
   894 ;; Parameters:    Size  Location     Type
   895 ;;		None
   896 ;; Auto vars:     Size  Location     Type
   897 ;;		None
   898 ;; Return value:  Size  Location     Type
   899 ;;                  1    wreg      void 
   900 ;; Registers used:
   901 ;;		wreg
   902 ;; Tracked objects:
   903 ;;		On entry : 0/0
   904 ;;		On exit  : 100/0
   905 ;;		Unchanged: 0/0
   906 ;; Data sizes:     COMMON   BANK0   BANK1
   907 ;;      Params:         0       0       0
   908 ;;      Locals:         0       0       0
   909 ;;      Temps:          1       0       0
   910 ;;      Totals:         1       0       0
   911 ;;Total ram usage:        1 bytes
   912 ;; Hardware stack levels used:    1
   913 ;; Hardware stack levels required when called:    1
   914 ;; This function calls:
   915 ;;		Nothing
   916 ;; This function is called by:
   917 ;;		_pSSSt
   918 ;;		_mainTimer
   919 ;; This function uses a non-reentrant model
   920 ;;
   921                           
   922                           
   923                           ;psect for function _blink
   924  0187                     _blink:	
   925                           
   926                           ;main.c: 62: GP4 = 0;
   927                           
   928                           ;incstack = 0
   929                           ; Regs used in _blink: [wreg]
   930  0187  1283               	bcf	3,5	;RP0=0, select bank0
   931  0188  1205               	bcf	5,4	;volatile
   932                           
   933                           ;main.c: 63: _delay((unsigned long)((1)*(31000/4000.0)));
   934  0189  3002               	movlw	2
   935  018A  00F2               	movwf	??_blink
   936  018B                     u167:	
   937  018B  0BF2               	decfsz	??_blink,f
   938  018C  298B               	goto	u167
   939                           
   940                           ;main.c: 64: GP4 = 1;
   941  018D  1283               	bcf	3,5	;RP0=0, select bank0
   942  018E  1605               	bsf	5,4	;volatile
   943  018F  0008               	return
   944  0190                     __end_of_blink:	
   945                           
   946                           	psect	text11
   947  013F                     __ptext11:	
   948 ;; *************** function _tc_int *****************
   949 ;; Defined at:
   950 ;;		line 144 in file "main.c"
   951 ;; Parameters:    Size  Location     Type
   952 ;;		None
   953 ;; Auto vars:     Size  Location     Type
   954 ;;		None
   955 ;; Return value:  Size  Location     Type
   956 ;;                  1    wreg      void 
   957 ;; Registers used:
   958 ;;		wreg, status,2, status,0
   959 ;; Tracked objects:
   960 ;;		On entry : 0/0
   961 ;;		On exit  : 100/0
   962 ;;		Unchanged: 0/0
   963 ;; Data sizes:     COMMON   BANK0   BANK1
   964 ;;      Params:         0       0       0
   965 ;;      Locals:         0       0       0
   966 ;;      Temps:          2       0       0
   967 ;;      Totals:         2       0       0
   968 ;;Total ram usage:        2 bytes
   969 ;; Hardware stack levels used:    1
   970 ;; This function calls:
   971 ;;		Nothing
   972 ;; This function is called by:
   973 ;;		Interrupt level 1
   974 ;; This function uses a non-reentrant model
   975 ;;
   976                           
   977                           
   978                           ;psect for function _tc_int
   979  013F                     _tc_int:	
   980                           
   981                           ;main.c: 145: if (INTCONbits.INTF) {
   982  013F  188B               	btfsc	11,1	;volatile
   983                           
   984                           ;main.c: 146: INTCONbits.INTF = 0;
   985  0140  108B               	bcf	11,1	;volatile
   986                           
   987                           ;main.c: 147: }
   988                           ;main.c: 149: if (PIR1bits.TMR1IF == 1) {
   989  0141  1283               	bcf	3,5	;RP0=0, select bank0
   990  0142  1C0C               	btfss	12,0	;volatile
   991  0143  294F               	goto	i1l94
   992                           
   993                           ;main.c: 150: PIR1bits.TMR1IF = 0;
   994  0144  100C               	bcf	12,0	;volatile
   995                           
   996                           ;main.c: 151: TMR1H = 229;
   997  0145  30E5               	movlw	229
   998  0146  008F               	movwf	15	;volatile
   999                           
  1000                           ;main.c: 152: TMR1L = 046;
  1001  0147  3026               	movlw	38
  1002  0148  008E               	movwf	14	;volatile
  1003  0149  30F0               	movlw	240
  1004                           
  1005                           ;main.c: 153: bp = 1;
  1006  014A  01F6               	clrf	_bp
  1007  014B  0AF6               	incf	_bp,f
  1008                           
  1009                           ;main.c: 154: if (sec_count < 240) sec_count++;
  1010  014C  0278               	subwf	_sec_count,w
  1011  014D  1C03               	btfss	3,0
  1012  014E  0AF8               	incf	_sec_count,f
  1013  014F                     i1l94:	
  1014  014F  0871               	movf	??_tc_int+1,w
  1015  0150  008A               	movwf	10
  1016  0151  0E70               	swapf	??_tc_int^(0+-128),w
  1017  0152  0083               	movwf	3
  1018  0153  0EFE               	swapf	126,f
  1019  0154  0E7E               	swapf	126,w
  1020  0155  0009               	retfie
  1021  0156                     __end_of_tc_int:	
  1022  0005                     
  1023                           	psect	intentry
  1024  0004                     __pintentry:	
  1025                           ;incstack = 0
  1026                           ; Regs used in _tc_int: [wreg+status,2+status,0]
  1027                           
  1028  0004                     interrupt_function:	
  1029  007E                     saved_w	set	btemp
  1030  0004  00FE               	movwf	btemp
  1031  0005  0E03               	swapf	3,w
  1032  0006  00F0               	movwf	??_tc_int
  1033  0007  080A               	movf	10,w
  1034  0008  00F1               	movwf	??_tc_int+1
  1035  0009  293F               	ljmp	_tc_int
  1036                           
  1037                           	psect	functab
  1038  0100                     __pfunctab:	
  1039  0100                     __fptable:	
  1040  0100                     fptable:	
  1041  0100  00FF               	movwf	(btemp+1)& (0+127)
  1042  0101  3001               	movlw	high fptable
  1043  0102  008A               	movwf	10
  1044  0103  087F               	movf	(btemp+1)& (0+127),w
  1045  0104  0782               	addwf	2,f
  1046  0105                     fpbase:	
  1047  0105  2905               	goto	fpbase	; Call via a null pointer and you will get stuck here.
  1048  0106                     fp__waitForLight:	
  1049  0106  29AA               	ljmp	_waitForLight
  1050  0107                     fp__mainTimer:	
  1051  0107  2956               	ljmp	_mainTimer
  1052  0108                     __end_of__fptable:	
  1053  007E                     btemp	set	126	;btemp
  1054  007E                     wtemp	set	126
  1055  007E                     wtemp0	set	126
  1056  0080                     wtemp1	set	128
  1057  0082                     wtemp2	set	130
  1058  0084                     wtemp3	set	132
  1059  0086                     wtemp4	set	134
  1060  0088                     wtemp5	set	136
  1061  007F                     wtemp6	set	127
  1062  007E                     ttemp	set	126
  1063  007E                     ttemp0	set	126
  1064  0081                     ttemp1	set	129
  1065  0084                     ttemp2	set	132
  1066  0087                     ttemp3	set	135
  1067  007F                     ttemp4	set	127
  1068  007E                     ltemp	set	126
  1069  007E                     ltemp0	set	126
  1070  0082                     ltemp1	set	130
  1071  0086                     ltemp2	set	134
  1072  0080                     ltemp3	set	128


Data Sizes:
    Strings     0
    Constant    0
    Data        1
    BSS         3
    Persistent  0
    Stack       0

Auto Spaces:
    Space          Size  Autos    Used
    COMMON           14      6      10
    BANK0            80      0       0
    BANK1            32      0       0

Pointer List with Targets:

    handler	PTR FTN()void  size(1) Largest target is 1
		 -> mainTimer(), waitForLight(), 


Critical Paths under _main in COMMON

    _timerOff->_pSSSt
    _keyPressed->_pSSSt
    _pSSSt->_blink

Critical Paths under _tc_int in COMMON

    None.

Critical Paths under _main in BANK0

    None.

Critical Paths under _tc_int in BANK0

    None.

Critical Paths under _main in BANK1

    None.

Critical Paths under _tc_int in BANK1

    None.

Call Graph Tables:

 ---------------------------------------------------------------------------------
 (Depth) Function   	        Calls       Base Space   Used Autos Params    Refs
 ---------------------------------------------------------------------------------
 (0) _main                                                 0     0      0      75
                            _lightOn
                          _mainTimer *
                       _waitForLight *
 ---------------------------------------------------------------------------------
 (1) _waitForLight                                         0     0      0       0
                            _lightOn
 ---------------------------------------------------------------------------------
 (2) _lightOn                                              0     0      0       0
                          _Timer1_on
 ---------------------------------------------------------------------------------
 (3) _Timer1_on                                            0     0      0       0
 ---------------------------------------------------------------------------------
 (1) _mainTimer                                            0     0      0      75
                              _blink
                         _keyPressed
                           _timerOff
 ---------------------------------------------------------------------------------
 (2) _timerOff                                             0     0      0      30
                         _Timer1_off
                              _pSSSt
 ---------------------------------------------------------------------------------
 (3) _Timer1_off                                           0     0      0       0
 ---------------------------------------------------------------------------------
 (2) _keyPressed                                           0     0      0      45
                              _pSSSt
                  _waitForKeyRelease
 ---------------------------------------------------------------------------------
 (3) _waitForKeyRelease                                    1     1      0      15
                                              2 COMMON     1     1      0
 ---------------------------------------------------------------------------------
 (3) _pSSSt                                                3     3      0      30
                                              3 COMMON     3     3      0
                              _blink
 ---------------------------------------------------------------------------------
 (4) _blink                                                1     1      0       0
                                              2 COMMON     1     1      0
 ---------------------------------------------------------------------------------
 Estimated maximum stack depth 4
 ---------------------------------------------------------------------------------
 (Depth) Function   	        Calls       Base Space   Used Autos Params    Refs
 ---------------------------------------------------------------------------------
 (5) _tc_int                                               2     2      0       0
                                              0 COMMON     2     2      0
 ---------------------------------------------------------------------------------
 Estimated maximum stack depth 5
 ---------------------------------------------------------------------------------

 Call Graph Graphs:

 _main (ROOT)
   _lightOn
     _Timer1_on
   _mainTimer *
     _blink
     _keyPressed
       _pSSSt
         _blink
       _waitForKeyRelease
     _timerOff
       _Timer1_off
       _pSSSt
         _blink
   _waitForLight *
     _lightOn
       _Timer1_on

 _tc_int (ROOT)

 Address spaces:
Name               Size   Autos  Total    Cost      Usage
BANK1               20      0       0       5        0.0%
BITBANK1            20      0       0       7        0.0%
SFR1                 0      0       0       2        0.0%
BITSFR1              0      0       0       2        0.0%
BANK0               50      0       0       4        0.0%
BITBANK0            50      0       0       3        0.0%
SFR0                 0      0       0       1        0.0%
BITSFR0              0      0       0       1        0.0%
COMMON               E      6       A       1       71.4%
BITCOMMON            E      0       0       0        0.0%
CODE                 0      0       0       0        0.0%
DATA                 0      0       A       8        0.0%
ABS                  0      0       A       6        0.0%
NULL                 0      0       0       0        0.0%
STACK                0      0       0       2        0.0%
EEDATA             100      0       0       0        0.0%


Microchip Technology PIC Macro Assembler V1.37 build -260352376 
Symbol Table                                                                                   Sun Jun 19 15:53:10 2016

                         pc 0002                 __CFG_CP$OFF 0000                          l98 0121  
                        _bp 0076                         l610 017D                         l622 0198  
                       l616 0195                         l640 015E                         l618 01A6  
                       l650 0168                         l572 016C                         l592 0125  
                       l584 019F                         _GP2 002A                         _GP3 002B  
                       _GP4 002C                         _GP5 002D                         u147 0128  
                       u157 0138                         u167 018B                __CFG_CPD$OFF 0000  
                      _GPIO 0005                        i1l94 014F                        _main 0108  
                      btemp 007E                        ltemp 007E                        start 000A  
                      ttemp 007E                        wtemp 007E               __CFG_IESO$OFF 0000  
                     ?_main 0070               __CFG_WDTE$OFF 0000                       _TMR1H 000F  
                     _TMR1L 000E              __CFG_FCMEN$OFF 0000                       _pSSSt 0124  
                     _blink 0187             __end_of_lightOn 019F                       fpbase 0105  
            __CFG_BOREN$OFF 0000                       pclath 000A                       ltemp0 007E  
                     ltemp1 0082                       ltemp2 0086                       ltemp3 0080  
                     ttemp0 007E                       ttemp1 0081                       ttemp2 0084  
                     ttemp3 0087                       ttemp4 007F                       status 0003  
                     wtemp0 007E                       wtemp1 0080                       wtemp2 0082  
                     wtemp3 0084                       wtemp4 0086                       wtemp5 0088  
                     wtemp6 007F              __CFG_MCLRE$OFF 0000             __initialization 000B  
              __end_of_main 0124                      ??_main 0076                      ?_pSSSt 0070  
                    ?_blink 0070                      _CMCON0 0019                      _TRISIO 0085  
          __end_of__fptable 0108              __CFG_PWRTE$OFF 0000                  _Timer1_off 019F  
                    pSSSt@i 0075                      _tc_int 013F          __size_of_Timer1_on 000F  
                    fptable 0100                   ??_lightOn 0072                __pdataCOMMON 0079  
                    fptotal 0005            __end_of_timerOff 0198                      saved_w 007E  
   __end_of__initialization 0010              __pcstackCOMMON 0070               __end_of_pSSSt 013F  
             __end_of_blink 0190              _OPTION_REGbits 0081                     ??_pSSSt 0073  
                   ??_blink 0072             fp__waitForLight 0106          __size_of_mainTimer 0016  
         __end_of_Timer1_on 017B                  __pmaintext 0108                 ?_Timer1_off 0070  
                __pintentry 0004                     ?_tc_int 0070               ?_waitForLight 0070  
         _waitForKeyRelease 017B                  _keyPressed 01A6          ?_waitForKeyRelease 0070  
                 ?_timerOff 0070           __end_of_mainTimer 016C         ??_waitForKeyRelease 0072  
                 _ANSELbits 009F             __size_of_tc_int 0017                     _handler 0079  
                   __ptext1 0156                     __ptext2 01AA                     __ptext3 0198  
                   __ptext4 016C                     __ptext5 0190                     __ptext6 019F  
                   __ptext7 01A6                     __ptext8 017B                     __ptext9 0124  
                 _T1CONbits 0010                     _lightOn 0198         __size_of_Timer1_off 0007  
      end_of_initialization 0010   __end_of_waitForKeyRelease 0187              ??_waitForLight 0072  
                ??_timerOff 0076                 ?_keyPressed 0070               __pidataCOMMON 0000  
            __end_of_tc_int 0156         start_initialization 000B  __size_of_waitForKeyRelease 000C  
              ??_Timer1_off 0072                   _Timer1_on 016C                    ??_tc_int 0070  
      __end_of_waitForLight 01AC     waitForKeyRelease@keyBuf 0072                 __pbssCOMMON 0076  
                 ___latbits 0000         __size_of_keyPressed 0004           __size_of__fptable 0008  
        __end_of_Timer1_off 01A6                  ?_Timer1_on 0070                   __pfunctab 0100  
         __size_of_timerOff 0008                   _mainTimer 0156                    ?_lightOn 0070  
            __size_of_pSSSt 001B              __size_of_blink 0009                   _sec_count 0078  
         interrupt_function 0004                    _PIE1bits 008C                    _PIR1bits 000C  
                _ADCON0bits 001F                  ?_mainTimer 0070                ??_keyPressed 0076  
               ??_Timer1_on 0072       __size_of_waitForLight 0002                    __fptable 0100  
          __size_of_lightOn 0007                    __ptext10 0187                    __ptext11 013F  
        __end_of_keyPressed 01AA                    _lightBuf 0077               __size_of_main 001C  
              _waitForLight 01AA                    _timerOff 0190                 ??_mainTimer 0076  
                _INTCONbits 000B                    intlevel1 0100                  _OSCCONbits 008F  
        __CFG_FOSC$INTOSCIO 0000                fp__mainTimer 0107  
